# JRE version: Java(TM) SE Runtime Environment (8.0_121-b13) (build 1.8.0_121-b13)
# Java VM: Java HotSpot(TM) 64-Bit Server VM (25.121-b13 mixed mode windows-amd64 compressed oops)
Heap:
 PSYoungGen      total 181760K, used 104285K [0x000000078af80000, 0x0000000797480000, 0x00000007c0000000)
  eden space 162816K, 64% used [0x000000078af80000,0x0000000791557720,0x0000000794e80000)
  from space 18944K, 0% used [0x0000000794e80000,0x0000000794e80000,0x0000000796100000)
  to   space 17920K, 0% used [0x0000000796100000,0x0000000796100000,0x0000000797280000)
 ParOldGen       total 107008K, used 32298K [0x0000000720e00000, 0x0000000727680000, 0x000000078af80000)
  object space 107008K, 30% used [0x0000000720e00000,0x0000000722d8ab28,0x0000000727680000)
 Metaspace       used 22421K, capacity 22990K, committed 23216K, reserved 1069056K
  class space    used 2588K, capacity 2715K, committed 2816K, reserved 1048576K
GC Heap History (10 events):
Event: 4.204 GC heap before
{Heap before GC invocations=4 (full 0):
 PSYoungGen      total 47616K, used 47608K [0x000000078af80000, 0x0000000790c80000, 0x00000007c0000000)
  eden space 40960K, 100% used [0x000000078af80000,0x000000078d780000,0x000000078d780000)
  from space 6656K, 99% used [0x000000078d780000,0x000000078ddfe030,0x000000078de00000)
  to   space 6656K, 0% used [0x0000000790600000,0x0000000790600000,0x0000000790c80000)
 ParOldGen       total 109568K, used 6244K [0x0000000720e00000, 0x0000000727900000, 0x000000078af80000)
  object space 109568K, 5% used [0x0000000720e00000,0x0000000721419090,0x0000000727900000)
 Metaspace       used 15490K, capacity 15798K, committed 16128K, reserved 1062912K
  class space    used 1875K, capacity 1945K, committed 2048K, reserved 1048576K
Event: 4.218 GC heap after
Heap after GC invocations=4 (full 0):
 PSYoungGen      total 88576K, used 6648K [0x000000078af80000, 0x0000000790c80000, 0x00000007c0000000)
  eden space 81920K, 0% used [0x000000078af80000,0x000000078af80000,0x000000078ff80000)
  from space 6656K, 99% used [0x0000000790600000,0x0000000790c7e010,0x0000000790c80000)
  to   space 6656K, 0% used [0x000000078ff80000,0x000000078ff80000,0x0000000790600000)
 ParOldGen       total 109568K, used 11835K [0x0000000720e00000, 0x0000000727900000, 0x000000078af80000)
  object space 109568K, 10% used [0x0000000720e00000,0x000000072198ee30,0x0000000727900000)
 Metaspace       used 15490K, capacity 15798K, committed 16128K, reserved 1062912K
  class space    used 1875K, capacity 1945K, committed 2048K, reserved 1048576K
}
Event: 5.592 GC heap before
{Heap before GC invocations=5 (full 0):
 PSYoungGen      total 88576K, used 88568K [0x000000078af80000, 0x0000000790c80000, 0x00000007c0000000)
  eden space 81920K, 100% used [0x000000078af80000,0x000000078ff80000,0x000000078ff80000)
  from space 6656K, 99% used [0x0000000790600000,0x0000000790c7e010,0x0000000790c80000)
  to   space 6656K, 0% used [0x000000078ff80000,0x000000078ff80000,0x0000000790600000)
 ParOldGen       total 109568K, used 11835K [0x0000000720e00000, 0x0000000727900000, 0x000000078af80000)
  object space 109568K, 10% used [0x0000000720e00000,0x000000072198ee30,0x0000000727900000)
 Metaspace       used 15939K, capacity 16294K, committed 16640K, reserved 1064960K
  class space    used 1881K, capacity 1953K, committed 2048K, reserved 1048576K
Event: 5.610 GC heap after
Heap after GC invocations=5 (full 0):
 PSYoungGen      total 88576K, used 6640K [0x000000078af80000, 0x0000000797280000, 0x00000007c0000000)
  eden space 81920K, 0% used [0x000000078af80000,0x000000078af80000,0x000000078ff80000)
  from space 6656K, 99% used [0x000000078ff80000,0x00000007905fc040,0x0000000790600000)
  to   space 17920K, 0% used [0x0000000796100000,0x0000000796100000,0x0000000797280000)
 ParOldGen       total 109568K, used 20489K [0x0000000720e00000, 0x0000000727900000, 0x000000078af80000)
  object space 109568K, 18% used [0x0000000720e00000,0x00000007222025a8,0x0000000727900000)
 Metaspace       used 15939K, capacity 16294K, committed 16640K, reserved 1064960K
  class space    used 1881K, capacity 1953K, committed 2048K, reserved 1048576K
}
Event: 8.830 GC heap before
{Heap before GC invocations=6 (full 0):
 PSYoungGen      total 88576K, used 88560K [0x000000078af80000, 0x0000000797280000, 0x00000007c0000000)
  eden space 81920K, 100% used [0x000000078af80000,0x000000078ff80000,0x000000078ff80000)
  from space 6656K, 99% used [0x000000078ff80000,0x00000007905fc040,0x0000000790600000)
  to   space 17920K, 0% used [0x0000000796100000,0x0000000796100000,0x0000000797280000)
 ParOldGen       total 109568K, used 20489K [0x0000000720e00000, 0x0000000727900000, 0x000000078af80000)
  object space 109568K, 18% used [0x0000000720e00000,0x00000007222025a8,0x0000000727900000)
 Metaspace       used 16276K, capacity 16652K, committed 16896K, reserved 1064960K
  class space    used 1895K, capacity 1986K, committed 2048K, reserved 1048576K
Event: 8.863 GC heap after
Heap after GC invocations=6 (full 0):
 PSYoungGen      total 180736K, used 14456K [0x000000078af80000, 0x0000000797480000, 0x00000007c0000000)
  eden space 162816K, 0% used [0x000000078af80000,0x000000078af80000,0x0000000794e80000)
  from space 17920K, 80% used [0x0000000796100000,0x0000000796f1e010,0x0000000797280000)
  to   space 18944K, 0% used [0x0000000794e80000,0x0000000794e80000,0x0000000796100000)
 ParOldGen       total 109568K, used 20489K [0x0000000720e00000, 0x0000000727900000, 0x000000078af80000)
  object space 109568K, 18% used [0x0000000720e00000,0x00000007222025a8,0x0000000727900000)
 Metaspace       used 16276K, capacity 16652K, committed 16896K, reserved 1064960K
  class space    used 1895K, capacity 1986K, committed 2048K, reserved 1048576K
}
Event: 11.358 GC heap before
{Heap before GC invocations=7 (full 0):
 PSYoungGen      total 180736K, used 76216K [0x000000078af80000, 0x0000000797480000, 0x00000007c0000000)
  eden space 162816K, 37% used [0x000000078af80000,0x000000078ebd02d0,0x0000000794e80000)
  from space 17920K, 80% used [0x0000000796100000,0x0000000796f1e010,0x0000000797280000)
  to   space 18944K, 0% used [0x0000000794e80000,0x0000000794e80000,0x0000000796100000)
 ParOldGen       total 109568K, used 20489K [0x0000000720e00000, 0x0000000727900000, 0x000000078af80000)
  object space 109568K, 18% used [0x0000000720e00000,0x00000007222025a8,0x0000000727900000)
 Metaspace       used 20587K, capacity 21070K, committed 21296K, reserved 1069056K
  class space    used 2462K, capacity 2587K, committed 2688K, reserved 1048576K
Event: 11.402 GC heap after
Heap after GC invocations=7 (full 0):
 PSYoungGen      total 181760K, used 16876K [0x000000078af80000, 0x0000000797480000, 0x00000007c0000000)
  eden space 162816K, 0% used [0x000000078af80000,0x000000078af80000,0x0000000794e80000)
  from space 18944K, 89% used [0x0000000794e80000,0x0000000795efb160,0x0000000796100000)
  to   space 17920K, 0% used [0x0000000796100000,0x0000000796100000,0x0000000797280000)
 ParOldGen       total 109568K, used 22247K [0x0000000720e00000, 0x0000000727900000, 0x000000078af80000)
  object space 109568K, 20% used [0x0000000720e00000,0x00000007223b9e68,0x0000000727900000)
 Metaspace       used 20587K, capacity 21070K, committed 21296K, reserved 1069056K
  class space    used 2462K, capacity 2587K, committed 2688K, reserved 1048576K
}
Event: 11.402 GC heap before
{Heap before GC invocations=8 (full 1):
 PSYoungGen      total 181760K, used 16876K [0x000000078af80000, 0x0000000797480000, 0x00000007c0000000)
  eden space 162816K, 0% used [0x000000078af80000,0x000000078af80000,0x0000000794e80000)
  from space 18944K, 89% used [0x0000000794e80000,0x0000000795efb160,0x0000000796100000)
  to   space 17920K, 0% used [0x0000000796100000,0x0000000796100000,0x0000000797280000)
 ParOldGen       total 109568K, used 22247K [0x0000000720e00000, 0x0000000727900000, 0x000000078af80000)
  object space 109568K, 20% used [0x0000000720e00000,0x00000007223b9e68,0x0000000727900000)
 Metaspace       used 20587K, capacity 21070K, committed 21296K, reserved 1069056K
  class space    used 2462K, capacity 2587K, committed 2688K, reserved 1048576K
Event: 11.651 GC heap after
Heap after GC invocations=8 (full 1):
 PSYoungGen      total 181760K, used 0K [0x000000078af80000, 0x0000000797480000, 0x00000007c0000000)
  eden space 162816K, 0% used [0x000000078af80000,0x000000078af80000,0x0000000794e80000)
  from space 18944K, 0% used [0x0000000794e80000,0x0000000794e80000,0x0000000796100000)
  to   space 17920K, 0% used [0x0000000796100000,0x0000000796100000,0x0000000797280000)
 ParOldGen       total 107008K, used 32298K [0x0000000720e00000, 0x0000000727680000, 0x000000078af80000)
  object space 107008K, 30% used [0x0000000720e00000,0x0000000722d8ab28,0x0000000727680000)
 Metaspace       used 20587K, capacity 21070K, committed 21296K, reserved 1069056K
  class space    used 2462K, capacity 2587K, committed 2688K, reserved 1048576K
}

